protocoder_app/manifest-merger-extended-release-report.txt
-- Merging decision tree log ---
manifest
ADDED from AndroidManifest.xml:2:1
	xmlns:tools
		ADDED from AndroidManifest.xml:4:6
	xmlns:android
		ADDED from AndroidManifest.xml:3:6
	package
		ADDED from AndroidManifest.xml:5:6
		INJECTED from AndroidManifest.xml:0:0
		INJECTED from AndroidManifest.xml:0:0
	android:versionName
		INJECTED from AndroidManifest.xml:0:0
		INJECTED from AndroidManifest.xml:0:0
	android:versionCode
		INJECTED from AndroidManifest.xml:0:0
		INJECTED from AndroidManifest.xml:0:0
uses-sdk
ADDED from AndroidManifest.xml:7:5
MERGED from :processing_fragmented::7:5
MERGED from jp.kshoji:midi-driver:0.0.2-SNAPSHOT:7:5
MERGED from Protocoder:protocoder_apprunner:unspecified:extendedrunnerRelease:7:5
MERGED from com.android.support:appcompat-v7:21.0.3:15:5
MERGED from com.android.support:support-v4:21.0.3:15:5
MERGED from com.android.support:recyclerview-v7:21.0.3:15:5
MERGED from com.android.support:support-v4:21.0.3:15:5
MERGED from com.android.support:cardview-v7:21.0.3:15:5
MERGED from com.android.support:palette-v7:21.0.3:15:5
MERGED from com.android.support:support-v4:21.0.3:15:5
MERGED from :processing_fragmented::7:5
MERGED from jp.kshoji:midi-driver:0.0.2-SNAPSHOT:7:5
	android:targetSdkVersion
		ADDED from AndroidManifest.xml:9:9
		INJECTED from AndroidManifest.xml:0:0
		INJECTED from AndroidManifest.xml:0:0
	android:minSdkVersion
		ADDED from AndroidManifest.xml:8:9
		INJECTED from AndroidManifest.xml:0:0
		INJECTED from AndroidManifest.xml:0:0
application
ADDED from AndroidManifest.xml:12:5
MERGED from :processing_fragmented::11:5
MERGED from Protocoder:protocoder_apprunner:unspecified:extendedrunnerRelease:60:5
MERGED from com.android.support:appcompat-v7:21.0.3:16:5
MERGED from com.android.support:support-v4:21.0.3:16:5
MERGED from com.android.support:recyclerview-v7:21.0.3:17:5
MERGED from com.android.support:support-v4:21.0.3:16:5
MERGED from com.android.support:cardview-v7:21.0.3:16:5
MERGED from com.android.support:palette-v7:21.0.3:16:5
MERGED from com.android.support:support-v4:21.0.3:16:5
MERGED from :processing_fragmented::11:5
	android:label
		ADDED from AndroidManifest.xml:15:9
	android:allowBackup
		ADDED from AndroidManifest.xml:16:9
		REJECTED from Protocoder:protocoder_apprunner:unspecified:extendedrunnerRelease:61:9
	android:icon
		ADDED from AndroidManifest.xml:14:9
	android:hardwareAccelerated
		ADDED from Protocoder:protocoder_apprunner:unspecified:extendedrunnerRelease:62:9
	tools:replace
		ADDED from AndroidManifest.xml:17:9
	android:name
		ADDED from AndroidManifest.xml:13:9
activity#org.protocoder.activities.LauncherActivity
ADDED from AndroidManifest.xml:20:9
	android:label
		ADDED from AndroidManifest.xml:23:13
	android:icon
		ADDED from AndroidManifest.xml:22:13
	android:theme
		ADDED from AndroidManifest.xml:25:13
	android:name
		ADDED from AndroidManifest.xml:21:13
	android:logo
		ADDED from AndroidManifest.xml:24:13
	android:launchMode
		ADDED from AndroidManifest.xml:26:13
intent-filter#android.intent.action.MAIN+android.intent.category.DEFAULT+android.intent.category.HOME+android.intent.category.LAUNCHER+org.protocoder.LauncherActivity
ADDED from AndroidManifest.xml:30:13
action#android.intent.action.MAIN
ADDED from AndroidManifest.xml:31:17
	android:name
		ADDED from AndroidManifest.xml:31:25
action#org.protocoder.LauncherActivity
ADDED from AndroidManifest.xml:32:17
	android:name
		ADDED from AndroidManifest.xml:32:25
category#android.intent.category.LAUNCHER
ADDED from AndroidManifest.xml:34:17
	android:name
		ADDED from AndroidManifest.xml:34:27
category#android.intent.category.HOME
ADDED from AndroidManifest.xml:35:17
	android:name
		ADDED from AndroidManifest.xml:35:27
category#android.intent.category.DEFAULT
ADDED from AndroidManifest.xml:36:17
	android:name
		ADDED from AndroidManifest.xml:36:27
intent-filter#android.intent.category.DEFAULT+android.nfc.action.NDEF_DISCOVERED
ADDED from AndroidManifest.xml:38:13
action#android.nfc.action.NDEF_DISCOVERED
ADDED from AndroidManifest.xml:39:17
	android:name
		ADDED from AndroidManifest.xml:39:25
intent-filter#android.intent.action.ASSIST+android.intent.category.DEFAULT
ADDED from AndroidManifest.xml:42:13
action#android.intent.action.ASSIST
ADDED from AndroidManifest.xml:43:17
	android:name
		ADDED from AndroidManifest.xml:43:25
intent-filter#android.hardware.usb.action.USB_DEVICE_ATTACHED
ADDED from AndroidManifest.xml:48:13
action#android.hardware.usb.action.USB_DEVICE_ATTACHED
ADDED from AndroidManifest.xml:49:15
	android:name
		ADDED from AndroidManifest.xml:49:23
meta-data#android.hardware.usb.action.USB_DEVICE_ATTACHED
ADDED from AndroidManifest.xml:52:13
	android:resource
		ADDED from AndroidManifest.xml:54:17
	android:name
		ADDED from AndroidManifest.xml:53:17
activity#org.protocoder.MainActivity
ADDED from AndroidManifest.xml:58:9
	android:label
		ADDED from AndroidManifest.xml:60:13
	android:theme
		ADDED from AndroidManifest.xml:61:13
	android:name
		ADDED from AndroidManifest.xml:59:13
	android:logo
		ADDED from AndroidManifest.xml:62:13
activity#org.protocoder.activities.AboutActivity
ADDED from AndroidManifest.xml:64:9
	android:label
		ADDED from AndroidManifest.xml:68:13
	android:theme
		ADDED from AndroidManifest.xml:66:13
	android:parentActivityName
		ADDED from AndroidManifest.xml:67:13
	android:name
		ADDED from AndroidManifest.xml:65:13
activity#org.protocoder.activities.WelcomeActivity
ADDED from AndroidManifest.xml:70:9
	android:label
		ADDED from AndroidManifest.xml:73:13
	android:theme
		ADDED from AndroidManifest.xml:72:13
	android:name
		ADDED from AndroidManifest.xml:71:13
activity#org.protocoder.activities.LicenseActivity
ADDED from AndroidManifest.xml:76:9
	android:noHistory
		ADDED from AndroidManifest.xml:81:13
	android:label
		ADDED from AndroidManifest.xml:80:13
	android:theme
		ADDED from AndroidManifest.xml:78:13
	android:parentActivityName
		ADDED from AndroidManifest.xml:79:13
	android:name
		ADDED from AndroidManifest.xml:77:13
activity#org.protocoder.activities.SetPreferenceActivity
ADDED from AndroidManifest.xml:83:9
	android:noHistory
		ADDED from AndroidManifest.xml:88:13
	android:label
		ADDED from AndroidManifest.xml:87:13
	android:theme
		ADDED from AndroidManifest.xml:86:13
	android:parentActivityName
		ADDED from AndroidManifest.xml:85:13
	android:name
		ADDED from AndroidManifest.xml:84:13
activity#org.protocoder.activities.ProtoScriptShareActivity
ADDED from AndroidManifest.xml:91:9
	android:label
		ADDED from AndroidManifest.xml:93:13
	android:theme
		ADDED from AndroidManifest.xml:94:13
	android:name
		ADDED from AndroidManifest.xml:92:13
	android:logo
		ADDED from AndroidManifest.xml:95:13
intent-filter#android.intent.action.SEND+android.intent.category.DEFAULT
ADDED from AndroidManifest.xml:97:13
action#android.intent.action.SEND
ADDED from AndroidManifest.xml:98:17
	android:name
		ADDED from AndroidManifest.xml:98:25
data
ADDED from AndroidManifest.xml:100:17
	android:mimeType
		ADDED from AndroidManifest.xml:100:23
activity#org.protocoder.activities.ProtoAppInstallerActivity
ADDED from AndroidManifest.xml:106:9
	android:label
		ADDED from AndroidManifest.xml:107:13
	android:theme
		ADDED from AndroidManifest.xml:108:13
	android:name
		ADDED from AndroidManifest.xml:106:19
	android:logo
		ADDED from AndroidManifest.xml:109:13
intent-filter#android.intent.action.VIEW+org.protocoder.ProtoAppInstallerActivity
ADDED from AndroidManifest.xml:111:13
action#android.intent.action.VIEW
ADDED from AndroidManifest.xml:112:17
	android:name
		ADDED from AndroidManifest.xml:112:25
action#org.protocoder.ProtoAppInstallerActivity
ADDED from AndroidManifest.xml:113:17
	android:name
		ADDED from AndroidManifest.xml:113:25
provider#org.protocoder.ProtoContentProvider2
ADDED from AndroidManifest.xml:122:9
	android:exported
		ADDED from AndroidManifest.xml:125:13
	android:authorities
		ADDED from AndroidManifest.xml:124:13
	android:name
		ADDED from AndroidManifest.xml:123:13
uses-permission#android.permission.SEND_SMS
ADDED from Protocoder:protocoder_apprunner:unspecified:extendedrunnerRelease:11:5
	android:name
		ADDED from Protocoder:protocoder_apprunner:unspecified:extendedrunnerRelease:11:22
uses-permission#android.permission.CALL_PHONE
ADDED from Protocoder:protocoder_apprunner:unspecified:extendedrunnerRelease:12:5
	android:name
		ADDED from Protocoder:protocoder_apprunner:unspecified:extendedrunnerRelease:12:22
uses-feature#0x00020000
ADDED from Protocoder:protocoder_apprunner:unspecified:extendedrunnerRelease:14:5
	android:required
		ADDED from Protocoder:protocoder_apprunner:unspecified:extendedrunnerRelease:16:9
	android:glEsVersion
		ADDED from Protocoder:protocoder_apprunner:unspecified:extendedrunnerRelease:15:9
uses-feature#android.hardware.nfc
ADDED from Protocoder:protocoder_apprunner:unspecified:extendedrunnerRelease:17:5
	android:required
		ADDED from Protocoder:protocoder_apprunner:unspecified:extendedrunnerRelease:19:9
	android:name
		ADDED from Protocoder:protocoder_apprunner:unspecified:extendedrunnerRelease:18:9
uses-feature#android.hardware.camera
ADDED from Protocoder:protocoder_apprunner:unspecified:extendedrunnerRelease:20:5
	android:required
		ADDED from Protocoder:protocoder_apprunner:unspecified:extendedrunnerRelease:22:9
	android:name
		ADDED from Protocoder:protocoder_apprunner:unspecified:extendedrunnerRelease:21:9
uses-feature#android.hardware.camera.front
ADDED from Protocoder:protocoder_apprunner:unspecified:extendedrunnerRelease:23:5
	android:required
		ADDED from Protocoder:protocoder_apprunner:unspecified:extendedrunnerRelease:25:9
	android:name
		ADDED from Protocoder:protocoder_apprunner:unspecified:extendedrunnerRelease:24:9
uses-feature#android.hardware.camera.flash
ADDED from Protocoder:protocoder_apprunner:unspecified:extendedrunnerRelease:26:5
	android:required
		ADDED from Protocoder:protocoder_apprunner:unspecified:extendedrunnerRelease:28:9
	android:name
		ADDED from Protocoder:protocoder_apprunner:unspecified:extendedrunnerRelease:27:9
uses-feature#android.hardware.microphone
ADDED from Protocoder:protocoder_apprunner:unspecified:extendedrunnerRelease:29:5
	android:required
		ADDED from Protocoder:protocoder_apprunner:unspecified:extendedrunnerRelease:31:9
	android:name
		ADDED from Protocoder:protocoder_apprunner:unspecified:extendedrunnerRelease:30:9
uses-feature#android.hardware.usb.host
ADDED from Protocoder:protocoder_apprunner:unspecified:extendedrunnerRelease:32:5
	android:required
		ADDED from Protocoder:protocoder_apprunner:unspecified:extendedrunnerRelease:34:9
	android:name
		ADDED from Protocoder:protocoder_apprunner:unspecified:extendedrunnerRelease:33:9
uses-permission#android.permission.INTERNET
ADDED from Protocoder:protocoder_apprunner:unspecified:extendedrunnerRelease:36:5
	android:name
		ADDED from Protocoder:protocoder_apprunner:unspecified:extendedrunnerRelease:36:22
uses-permission#android.permission.ACCESS_WIFI_STATE
ADDED from Protocoder:protocoder_apprunner:unspecified:extendedrunnerRelease:37:5
	android:name
		ADDED from Protocoder:protocoder_apprunner:unspecified:extendedrunnerRelease:37:22
uses-permission#android.permission.CHANGE_WIFI_STATE
ADDED from Protocoder:protocoder_apprunner:unspecified:extendedrunnerRelease:38:5
	android:name
		ADDED from Protocoder:protocoder_apprunner:unspecified:extendedrunnerRelease:38:22
uses-permission#android.permission.CHANGE_WIFI_MULTICAST_STATE
ADDED from Protocoder:protocoder_apprunner:unspecified:extendedrunnerRelease:39:5
	android:name
		ADDED from Protocoder:protocoder_apprunner:unspecified:extendedrunnerRelease:39:22
uses-permission#android.permission.ACCESS_NETWORK_STATE
ADDED from Protocoder:protocoder_apprunner:unspecified:extendedrunnerRelease:40:5
	android:name
		ADDED from Protocoder:protocoder_apprunner:unspecified:extendedrunnerRelease:40:22
uses-permission#android.permission.VIBRATE
ADDED from Protocoder:protocoder_apprunner:unspecified:extendedrunnerRelease:41:5
	android:name
		ADDED from Protocoder:protocoder_apprunner:unspecified:extendedrunnerRelease:41:22
uses-permission#android.permission.WAKE_LOCK
ADDED from Protocoder:protocoder_apprunner:unspecified:extendedrunnerRelease:42:5
	android:name
		ADDED from Protocoder:protocoder_apprunner:unspecified:extendedrunnerRelease:42:22
uses-permission#android.permission.WRITE_EXTERNAL_STORAGE
ADDED from Protocoder:protocoder_apprunner:unspecified:extendedrunnerRelease:43:5
	android:name
		ADDED from Protocoder:protocoder_apprunner:unspecified:extendedrunnerRelease:43:22
uses-permission#android.permission.READ_PHONE_STATE
ADDED from Protocoder:protocoder_apprunner:unspecified:extendedrunnerRelease:44:5
	android:name
		ADDED from Protocoder:protocoder_apprunner:unspecified:extendedrunnerRelease:44:22
uses-permission#android.permission.BLUETOOTH
ADDED from Protocoder:protocoder_apprunner:unspecified:extendedrunnerRelease:45:5
	android:name
		ADDED from Protocoder:protocoder_apprunner:unspecified:extendedrunnerRelease:45:22
uses-permission#android.permission.BLUETOOTH_ADMIN
ADDED from Protocoder:protocoder_apprunner:unspecified:extendedrunnerRelease:46:5
	android:name
		ADDED from Protocoder:protocoder_apprunner:unspecified:extendedrunnerRelease:46:22
uses-permission#android.permission.WRITE_SETTINGS
ADDED from Protocoder:protocoder_apprunner:unspecified:extendedrunnerRelease:47:5
	android:name
		ADDED from Protocoder:protocoder_apprunner:unspecified:extendedrunnerRelease:47:22
uses-permission#android.permission.NFC
ADDED from Protocoder:protocoder_apprunner:unspecified:extendedrunnerRelease:48:5
	android:name
		ADDED from Protocoder:protocoder_apprunner:unspecified:extendedrunnerRelease:48:22
uses-permission#android.permission.RECEIVE_SMS
ADDED from Protocoder:protocoder_apprunner:unspecified:extendedrunnerRelease:49:5
	android:name
		ADDED from Protocoder:protocoder_apprunner:unspecified:extendedrunnerRelease:49:22
uses-permission#com.android.launcher.permission.INSTALL_SHORTCUT
ADDED from Protocoder:protocoder_apprunner:unspecified:extendedrunnerRelease:50:5
	android:name
		ADDED from Protocoder:protocoder_apprunner:unspecified:extendedrunnerRelease:50:22
uses-permission#android.permission.CAMERA
ADDED from Protocoder:protocoder_apprunner:unspecified:extendedrunnerRelease:51:5
	android:name
		ADDED from Protocoder:protocoder_apprunner:unspecified:extendedrunnerRelease:51:22
uses-permission#android.permission.FLASHLIGHT
ADDED from Protocoder:protocoder_apprunner:unspecified:extendedrunnerRelease:52:5
	android:name
		ADDED from Protocoder:protocoder_apprunner:unspecified:extendedrunnerRelease:52:22
uses-permission#android.permission.ACCESS_FINE_LOCATION
ADDED from Protocoder:protocoder_apprunner:unspecified:extendedrunnerRelease:53:5
	android:name
		ADDED from Protocoder:protocoder_apprunner:unspecified:extendedrunnerRelease:53:22
uses-permission#android.permisssion.ACCESS_COARSE_LOCATION
ADDED from Protocoder:protocoder_apprunner:unspecified:extendedrunnerRelease:54:5
	android:name
		ADDED from Protocoder:protocoder_apprunner:unspecified:extendedrunnerRelease:54:22
uses-permission#android.permission.MODIFY_AUDIO_SETINGS
ADDED from Protocoder:protocoder_apprunner:unspecified:extendedrunnerRelease:55:5
	android:name
		ADDED from Protocoder:protocoder_apprunner:unspecified:extendedrunnerRelease:55:22
uses-permission#android.permission.RECORD_AUDIO
ADDED from Protocoder:protocoder_apprunner:unspecified:extendedrunnerRelease:56:5
	android:name
		ADDED from Protocoder:protocoder_apprunner:unspecified:extendedrunnerRelease:56:22
uses-permission#android.permission.RECORD_VIDEO
ADDED from Protocoder:protocoder_apprunner:unspecified:extendedrunnerRelease:57:5
	android:name
		ADDED from Protocoder:protocoder_apprunner:unspecified:extendedrunnerRelease:57:22
uses-permission#android.permission.SYSTEM_ALERT_WINDOW
ADDED from Protocoder:protocoder_apprunner:unspecified:extendedrunnerRelease:58:5
	android:name
		ADDED from Protocoder:protocoder_apprunner:unspecified:extendedrunnerRelease:58:22
activity#org.protocoderrunner.apprunner.AppRunnerActivity
ADDED from Protocoder:protocoder_apprunner:unspecified:extendedrunnerRelease:66:9
	android:windowSoftInputMode
		ADDED from Protocoder:protocoder_apprunner:unspecified:extendedrunnerRelease:72:13
	android:label
		ADDED from Protocoder:protocoder_apprunner:unspecified:extendedrunnerRelease:69:13
	android:configChanges
		ADDED from Protocoder:protocoder_apprunner:unspecified:extendedrunnerRelease:68:13
	android:theme
		ADDED from Protocoder:protocoder_apprunner:unspecified:extendedrunnerRelease:71:13
	android:name
		ADDED from Protocoder:protocoder_apprunner:unspecified:extendedrunnerRelease:67:13
	android:launchMode
		ADDED from Protocoder:protocoder_apprunner:unspecified:extendedrunnerRelease:70:13
intent-filter#android.intent.action.CREATE_SHORTCUT+android.intent.category.DEFAULT+org.protocoderrunner.apprunner.AppRunnerActivity
ADDED from Protocoder:protocoder_apprunner:unspecified:extendedrunnerRelease:73:13
action#android.intent.action.CREATE_SHORTCUT
ADDED from Protocoder:protocoder_apprunner:unspecified:extendedrunnerRelease:74:17
	android:name
		ADDED from Protocoder:protocoder_apprunner:unspecified:extendedrunnerRelease:74:25
action#org.protocoderrunner.apprunner.AppRunnerActivity
ADDED from Protocoder:protocoder_apprunner:unspecified:extendedrunnerRelease:75:17
	android:name
		ADDED from Protocoder:protocoder_apprunner:unspecified:extendedrunnerRelease:75:25
intent-filter#android.nfc.action.TECH_DISCOVERED
ADDED from Protocoder:protocoder_apprunner:unspecified:extendedrunnerRelease:90:13
action#android.nfc.action.TECH_DISCOVERED
ADDED from Protocoder:protocoder_apprunner:unspecified:extendedrunnerRelease:91:17
	android:name
		ADDED from Protocoder:protocoder_apprunner:unspecified:extendedrunnerRelease:91:25
service#org.protocoderrunner.apprunner.AppRunnerService
ADDED from Protocoder:protocoder_apprunner:unspecified:extendedrunnerRelease:95:9
	android:label
		ADDED from Protocoder:protocoder_apprunner:unspecified:extendedrunnerRelease:98:13
	android:icon
		ADDED from Protocoder:protocoder_apprunner:unspecified:extendedrunnerRelease:97:13
	android:name
		ADDED from Protocoder:protocoder_apprunner:unspecified:extendedrunnerRelease:96:13
service#org.protocoderrunner.hardware.IOIOBoardService
ADDED from Protocoder:protocoder_apprunner:unspecified:extendedrunnerRelease:100:9
	android:name
		ADDED from Protocoder:protocoder_apprunner:unspecified:extendedrunnerRelease:100:18
service#org.puredata.android.service.PdService
ADDED from Protocoder:protocoder_apprunner:unspecified:extendedrunnerRelease:101:9
	android:name
		ADDED from Protocoder:protocoder_apprunner:unspecified:extendedrunnerRelease:101:18
service#org.protocoderrunner.services.NotificationService
ADDED from Protocoder:protocoder_apprunner:unspecified:extendedrunnerRelease:102:9
	android:label
		ADDED from Protocoder:protocoder_apprunner:unspecified:extendedrunnerRelease:104:13
	android:permission
		ADDED from Protocoder:protocoder_apprunner:unspecified:extendedrunnerRelease:105:13
	android:name
		ADDED from Protocoder:protocoder_apprunner:unspecified:extendedrunnerRelease:103:13
intent-filter#android.service.notification.NotificationListenerService
ADDED from Protocoder:protocoder_apprunner:unspecified:extendedrunnerRelease:106:13
action#android.service.notification.NotificationListenerService
ADDED from Protocoder:protocoder_apprunner:unspecified:extendedrunnerRelease:107:17
	android:name
		ADDED from Protocoder:protocoder_apprunner:unspecified:extendedrunnerRelease:107:25
receiver#org.protocoderrunner.services.SmsReceiver
ADDED from Protocoder:protocoder_apprunner:unspecified:extendedrunnerRelease:111:9
	android:name
		ADDED from Protocoder:protocoder_apprunner:unspecified:extendedrunnerRelease:111:19
intent-filter#android.provider.Telephony.SMS_RECEIVED
ADDED from Protocoder:protocoder_apprunner:unspecified:extendedrunnerRelease:112:13
action#android.provider.Telephony.SMS_RECEIVED
ADDED from Protocoder:protocoder_apprunner:unspecified:extendedrunnerRelease:113:17
	android:name
		ADDED from Protocoder:protocoder_apprunner:unspecified:extendedrunnerRelease:113:25
receiver#org.protocoderrunner.services.AlarmReceiver
ADDED from Protocoder:protocoder_apprunner:unspecified:extendedrunnerRelease:116:9
	android:process
		ADDED from Protocoder:protocoder_apprunner:unspecified:extendedrunnerRelease:118:13
	android:name
		ADDED from Protocoder:protocoder_apprunner:unspecified:extendedrunnerRelease:117:13
activity#android.support.v7.widget.TestActivity
ADDED from com.android.support:recyclerview-v7:21.0.3:18:9
	android:label
		ADDED from com.android.support:recyclerview-v7:21.0.3:18:19
	android:name
		ADDED from com.android.support:recyclerview-v7:21.0.3:18:60